# JRE version: OpenJDK Runtime Environment (8.0_242-b01) (build 1.8.0_242-release-1644-b01)
# Java VM: OpenJDK 64-Bit Server VM (25.242-b01 mixed mode windows-amd64 compressed oops)
Heap:
 PSYoungGen      total 571904K, used 92917K [0x00000000d5580000, 0x00000000fea00000, 0x0000000100000000)
  eden space 493568K, 9% used [0x00000000d5580000,0x00000000d836f320,0x00000000f3780000)
  from space 78336K, 58% used [0x00000000f3780000,0x00000000f644e460,0x00000000f8400000)
  to   space 78336K, 0% used [0x00000000f9d80000,0x00000000f9d80000,0x00000000fea00000)
 ParOldGen       total 210432K, used 120657K [0x0000000080000000, 0x000000008cd80000, 0x00000000d5580000)
  object space 210432K, 57% used [0x0000000080000000,0x00000000875d4780,0x000000008cd80000)
 Metaspace       used 119589K, capacity 128664K, committed 128936K, reserved 1161216K
  class space    used 15396K, capacity 16967K, committed 17072K, reserved 1048576K
GC Heap History (10 events):
Event: 4793.494 GC heap before
{Heap before GC invocations=29 (full 4):
 PSYoungGen      total 473088K, used 461484K [0x00000000d5580000, 0x00000000f6280000, 0x0000000100000000)
  eden space 428032K, 100% used [0x00000000d5580000,0x00000000ef780000,0x00000000ef780000)
  from space 45056K, 74% used [0x00000000f3680000,0x00000000f572b298,0x00000000f6280000)
  to   space 54784K, 0% used [0x00000000ef780000,0x00000000ef780000,0x00000000f2d00000)
 ParOldGen       total 210432K, used 120617K [0x0000000080000000, 0x000000008cd80000, 0x00000000d5580000)
  object space 210432K, 57% used [0x0000000080000000,0x00000000875ca780,0x000000008cd80000)
 Metaspace       used 114814K, capacity 122128K, committed 122536K, reserved 1155072K
  class space    used 14824K, capacity 16113K, committed 16304K, reserved 1048576K
Event: 4795.245 GC heap after
Heap after GC invocations=29 (full 4):
 PSYoungGen      total 482816K, used 54193K [0x00000000d5580000, 0x00000000fa100000, 0x0000000100000000)
  eden space 428032K, 0% used [0x00000000d5580000,0x00000000d5580000,0x00000000ef780000)
  from space 54784K, 98% used [0x00000000ef780000,0x00000000f2c6c510,0x00000000f2d00000)
  to   space 62976K, 0% used [0x00000000f6380000,0x00000000f6380000,0x00000000fa100000)
 ParOldGen       total 210432K, used 120625K [0x0000000080000000, 0x000000008cd80000, 0x00000000d5580000)
  object space 210432K, 57% used [0x0000000080000000,0x00000000875cc780,0x000000008cd80000)
 Metaspace       used 114814K, capacity 122128K, committed 122536K, reserved 1155072K
  class space    used 14824K, capacity 16113K, committed 16304K, reserved 1048576K
}
Event: 6363.628 GC heap before
{Heap before GC invocations=30 (full 4):
 PSYoungGen      total 482816K, used 482225K [0x00000000d5580000, 0x00000000fa100000, 0x0000000100000000)
  eden space 428032K, 100% used [0x00000000d5580000,0x00000000ef780000,0x00000000ef780000)
  from space 54784K, 98% used [0x00000000ef780000,0x00000000f2c6c510,0x00000000f2d00000)
  to   space 62976K, 0% used [0x00000000f6380000,0x00000000f6380000,0x00000000fa100000)
 ParOldGen       total 210432K, used 120625K [0x0000000080000000, 0x000000008cd80000, 0x00000000d5580000)
  object space 210432K, 57% used [0x0000000080000000,0x00000000875cc780,0x000000008cd80000)
 Metaspace       used 116935K, capacity 125850K, committed 125992K, reserved 1159168K
  class space    used 15140K, capacity 16641K, committed 16688K, reserved 1048576K
Event: 6364.345 GC heap after
Heap after GC invocations=30 (full 4):
 PSYoungGen      total 520192K, used 34819K [0x00000000d5580000, 0x00000000f9700000, 0x0000000100000000)
  eden space 467456K, 0% used [0x00000000d5580000,0x00000000d5580000,0x00000000f1e00000)
  from space 52736K, 66% used [0x00000000f6380000,0x00000000f8580cb8,0x00000000f9700000)
  to   space 61952K, 0% used [0x00000000f1e00000,0x00000000f1e00000,0x00000000f5a80000)
 ParOldGen       total 210432K, used 120633K [0x0000000080000000, 0x000000008cd80000, 0x00000000d5580000)
  object space 210432K, 57% used [0x0000000080000000,0x00000000875ce780,0x000000008cd80000)
 Metaspace       used 116935K, capacity 125850K, committed 125992K, reserved 1159168K
  class space    used 15140K, capacity 16641K, committed 16688K, reserved 1048576K
}
Event: 6970.502 GC heap before
{Heap before GC invocations=31 (full 4):
 PSYoungGen      total 520192K, used 502275K [0x00000000d5580000, 0x00000000f9700000, 0x0000000100000000)
  eden space 467456K, 100% used [0x00000000d5580000,0x00000000f1e00000,0x00000000f1e00000)
  from space 52736K, 66% used [0x00000000f6380000,0x00000000f8580cb8,0x00000000f9700000)
  to   space 61952K, 0% used [0x00000000f1e00000,0x00000000f1e00000,0x00000000f5a80000)
 ParOldGen       total 210432K, used 120633K [0x0000000080000000, 0x000000008cd80000, 0x00000000d5580000)
  object space 210432K, 57% used [0x0000000080000000,0x00000000875ce780,0x000000008cd80000)
 Metaspace       used 119256K, capacity 128306K, committed 128424K, reserved 1161216K
  class space    used 15393K, capacity 16966K, committed 17072K, reserved 1048576K
Event: 6971.704 GC heap after
Heap after GC invocations=31 (full 4):
 PSYoungGen      total 529408K, used 54129K [0x00000000d5580000, 0x00000000fc700000, 0x0000000100000000)
  eden space 467456K, 0% used [0x00000000d5580000,0x00000000d5580000,0x00000000f1e00000)
  from space 61952K, 87% used [0x00000000f1e00000,0x00000000f52dc638,0x00000000f5a80000)
  to   space 68608K, 0% used [0x00000000f8400000,0x00000000f8400000,0x00000000fc700000)
 ParOldGen       total 210432K, used 120641K [0x0000000080000000, 0x000000008cd80000, 0x00000000d5580000)
  object space 210432K, 57% used [0x0000000080000000,0x00000000875d0780,0x000000008cd80000)
 Metaspace       used 119256K, capacity 128306K, committed 128424K, reserved 1161216K
  class space    used 15393K, capacity 16966K, committed 17072K, reserved 1048576K
}
Event: 7166.848 GC heap before
{Heap before GC invocations=32 (full 4):
 PSYoungGen      total 529408K, used 521585K [0x00000000d5580000, 0x00000000fc700000, 0x0000000100000000)
  eden space 467456K, 100% used [0x00000000d5580000,0x00000000f1e00000,0x00000000f1e00000)
  from space 61952K, 87% used [0x00000000f1e00000,0x00000000f52dc638,0x00000000f5a80000)
  to   space 68608K, 0% used [0x00000000f8400000,0x00000000f8400000,0x00000000fc700000)
 ParOldGen       total 210432K, used 120641K [0x0000000080000000, 0x000000008cd80000, 0x00000000d5580000)
  object space 210432K, 57% used [0x0000000080000000,0x00000000875d0780,0x000000008cd80000)
 Metaspace       used 119415K, capacity 128528K, committed 128680K, reserved 1161216K
  class space    used 15395K, capacity 16967K, committed 17072K, reserved 1048576K
Event: 7167.412 GC heap after
Heap after GC invocations=32 (full 4):
 PSYoungGen      total 562176K, used 67461K [0x00000000d5580000, 0x00000000fd480000, 0x0000000100000000)
  eden space 493568K, 0% used [0x00000000d5580000,0x00000000d5580000,0x00000000f3780000)
  from space 68608K, 98% used [0x00000000f8400000,0x00000000fc5e16e8,0x00000000fc700000)
  to   space 78336K, 0% used [0x00000000f3780000,0x00000000f3780000,0x00000000f8400000)
 ParOldGen       total 210432K, used 120649K [0x0000000080000000, 0x000000008cd80000, 0x00000000d5580000)
  object space 210432K, 57% used [0x0000000080000000,0x00000000875d2780,0x000000008cd80000)
 Metaspace       used 119415K, capacity 128528K, committed 128680K, reserved 1161216K
  class space    used 15395K, capacity 16967K, committed 17072K, reserved 1048576K
}
Event: 8456.157 GC heap before
{Heap before GC invocations=33 (full 4):
 PSYoungGen      total 562176K, used 561029K [0x00000000d5580000, 0x00000000fd480000, 0x0000000100000000)
  eden space 493568K, 100% used [0x00000000d5580000,0x00000000f3780000,0x00000000f3780000)
  from space 68608K, 98% used [0x00000000f8400000,0x00000000fc5e16e8,0x00000000fc700000)
  to   space 78336K, 0% used [0x00000000f3780000,0x00000000f3780000,0x00000000f8400000)
 ParOldGen       total 210432K, used 120649K [0x0000000080000000, 0x000000008cd80000, 0x00000000d5580000)
  object space 210432K, 57% used [0x0000000080000000,0x00000000875d2780,0x000000008cd80000)
 Metaspace       used 119580K, capacity 128664K, committed 128936K, reserved 1161216K
  class space    used 15396K, capacity 16967K, committed 17072K, reserved 1048576K
Event: 8458.389 GC heap after
Heap after GC invocations=33 (full 4):
 PSYoungGen      total 571904K, used 45881K [0x00000000d5580000, 0x00000000fea00000, 0x0000000100000000)
  eden space 493568K, 0% used [0x00000000d5580000,0x00000000d5580000,0x00000000f3780000)
  from space 78336K, 58% used [0x00000000f3780000,0x00000000f644e460,0x00000000f8400000)
  to   space 78336K, 0% used [0x00000000f9d80000,0x00000000f9d80000,0x00000000fea00000)
 ParOldGen       total 210432K, used 120657K [0x0000000080000000, 0x000000008cd80000, 0x00000000d5580000)
  object space 210432K, 57% used [0x0000000080000000,0x00000000875d4780,0x000000008cd80000)
 Metaspace       used 119580K, capacity 128664K, committed 128936K, reserved 1161216K
  class space    used 15396K, capacity 16967K, committed 17072K, reserved 1048576K
}

